#
# A fatal error has been detected by the Java Runtime Environment:
#
#  EXCEPTION_ACCESS_VIOLATION (0xc0000005) at pc=0x6ef521b6, pid=15364, tid=0x00003e70
#
# JRE version: Java(TM) SE Runtime Environment (8.0_92-b14) (build 1.8.0_92-b14)
# Java VM: Java HotSpot(TM) Client VM (25.92-b14 mixed mode windows-x86 )
# Problematic frame:
# C  [MSVCR100.dll+0x121b6]
#
# Failed to write core dump. Minidumps are not enabled by default on client versions of Windows
#
# If you would like to submit a bug report, please visit:
#   http://bugreport.java.com/bugreport/crash.jsp
# The crash happened outside the Java Virtual Machine in native code.
# See problematic frame for where to report the bug.
#

---------------  T H R E A D  ---------------

Current thread (0x01ddf400):  JavaThread "main" [_thread_in_native, id=15984, stack(0x00090000,0x00190000)]

siginfo: ExceptionCode=0xc0000005, reading address 0x00000000

Registers:
EAX=0x00000000, EBX=0x0f867fb0, ECX=0x00000000, EDX=0xfffa0002
ESP=0x001891fc, EBP=0x00189204, ESI=0x00189238, EDI=0x00000000
EIP=0x6ef521b6, EFLAGS=0x00210202

Top of Stack: (sp=0x001891fc)
0x001891fc:   6ef521a1 0ea6afe0 00189224 0f863318
0x0018920c:   00000000 0f867fb0 0f867f84 00000000
0x0018921c:   61306b40 0000040c 0018a2c0 758c35a3
0x0018922c:   00189238 61306b40 00000000 0000003c
0x0018923c:   0000040c 001d0ede 00000000 00000000
0x0018924c:   00000000 00189274 00000001 00000000
0x0018925c:   6130f308 00000000 00000000 00000000
0x0018926c:   00000000 00000000 003a0045 0077005c 

Instructions: (pc=0x6ef521b6)
0x6ef52196:   83 c1 02 66 39 1c 08 75 39 eb 47 8b ff 55 8b ec
0x6ef521a6:   8b 45 08 53 8b 5d 0c 66 83 3b 00 57 8b f8 74 48
0x6ef521b6:   0f b7 08 66 85 c9 74 3e 8b d1 2b c3 90 90 90 90
0x6ef521c6:   90 90 90 90 90 90 90 90 90 90 8b 4d 0c 66 85 d2 


Register to memory mapping:

EAX=0x00000000 is an unknown value
EBX=0x0f867fb0 is an unknown value
ECX=0x00000000 is an unknown value
EDX=0xfffa0002 is an unknown value
ESP=0x001891fc is pointing into the stack for thread: 0x01ddf400
EBP=0x00189204 is pointing into the stack for thread: 0x01ddf400
ESI=0x00189238 is pointing into the stack for thread: 0x01ddf400
EDI=0x00000000 is an unknown value


Stack: [0x00090000,0x00190000],  sp=0x001891fc,  free space=996k
Native frames: (J=compiled Java code, j=interpreted, Vv=VM code, C=native code)
C  [MSVCR100.dll+0x121b6]
C  [XMPlugin.dll+0x3318]
C  [SHELL32.dll+0x2a35a3]
C  [SHELL32.dll+0x2a39d6]
C  [explorerframe.dll+0x8f56d]
C  [explorerframe.dll+0x90c28]
C  [explorerframe.dll+0x91176]
C  [explorerframe.dll+0x90752]
C  [explorerframe.dll+0x9084d]
C  [explorerframe.dll+0x76ca4]
C  [explorerframe.dll+0x712ce]
C  [COMCTL32.dll+0x2f616]
C  [COMCTL32.dll+0x2f4bc]
C  [USER32.dll+0x162fa]
C  [USER32.dll+0x16d3a]
C  [USER32.dll+0x20d3f]
C  [USER32.dll+0x20d65]
C  [explorerframe.dll+0x71481]
C  [USER32.dll+0x162fa]
C  [USER32.dll+0x16d3a]
C  [USER32.dll+0x177c4]
C  [USER32.dll+0x1788a]
C  [USER32.dll+0x3d32e]
C  [USER32.dll+0x3d8f7]
C  [USER32.dll+0x3da6c]
C  [USER32.dll+0x3d99a]
C  [USER32.dll+0x3d71e]
C  [COMDLG32.dll+0x597b]
C  [COMDLG32.dll+0x41b50]
C  [COMDLG32.dll+0x429d0]
C  [COMDLG32.dll+0x42b15]
C  [COMDLG32.dll+0x42b71]
C  [COMDLG32.dll+0x39a9b]
C  [COMDLG32.dll+0x3a33f]
C  [swt-win32-4623.dll+0x686f]
j  org.eclipse.swt.internal.win32.OS.GetOpenFileNameW(Lorg/eclipse/swt/internal/win32/OPENFILENAME;)Z+0
j  org.eclipse.swt.internal.win32.OS.GetOpenFileName(Lorg/eclipse/swt/internal/win32/OPENFILENAME;)Z+7
j  org.eclipse.swt.widgets.FileDialog.open()Ljava/lang/String;+896
j  org.xmind.ui.internal.actions.InsertImageAction.run()V+164
j  org.eclipse.jface.action.Action.runWithEvent(Lorg/eclipse/swt/widgets/Event;)V+1
j  org.eclipse.ui.actions.RetargetAction.runWithEvent(Lorg/eclipse/swt/widgets/Event;)V+12
j  org.eclipse.jface.commands.ActionHandler.execute(Lorg/eclipse/core/commands/ExecutionEvent;)Ljava/lang/Object;+73
j  org.eclipse.ui.internal.handlers.E4HandlerProxy.execute(Lorg/eclipse/e4/core/contexts/IEclipseContext;Ljava/util/Map;Lorg/eclipse/swt/widgets/Event;Lorg/eclipse/core/expressions/IEvaluationContext;)Ljava/lang/Object;+117
j  sun.reflect.GeneratedMethodAccessor48.invoke(Ljava/lang/Object;[Ljava/lang/Object;)Ljava/lang/Object;+64
J 2304 C1 sun.reflect.DelegatingMethodAccessorImpl.invoke(Ljava/lang/Object;[Ljava/lang/Object;)Ljava/lang/Object; (10 bytes) @ 0x02af2500 [0x02af24d0+0x30]
J 2332 C1 java.lang.reflect.Method.invoke(Ljava/lang/Object;[Ljava/lang/Object;)Ljava/lang/Object; (62 bytes) @ 0x02afdad4 [0x02afda00+0xd4]
J 2308 C1 org.eclipse.e4.core.internal.di.MethodRequestor.execute()Ljava/lang/Object; (189 bytes) @ 0x02af319c [0x02af2fe0+0x1bc]
J 4203 C1 org.eclipse.e4.core.internal.di.InjectorImpl.invokeUsingClass(Ljava/lang/Object;Ljava/lang/Class;Ljava/lang/Class;Ljava/lang/Object;Lorg/eclipse/e4/core/di/suppliers/PrimaryObjectSupplier;Lorg/eclipse/e4/core/di/suppliers/PrimaryObjectSupplier;Z)Ljava/lang/Object; (157 bytes) @ 0x02800724 [0x02800450+0x2d4]
j  org.eclipse.e4.core.internal.di.InjectorImpl.invoke(Ljava/lang/Object;Ljava/lang/Class;Ljava/lang/Object;Lorg/eclipse/e4/core/di/suppliers/PrimaryObjectSupplier;Lorg/eclipse/e4/core/di/suppliers/PrimaryObjectSupplier;)Ljava/lang/Object;+13
j  org.eclipse.e4.core.contexts.ContextInjectionFactory.invoke(Ljava/lang/Object;Ljava/lang/Class;Lorg/eclipse/e4/core/contexts/IEclipseContext;Lorg/eclipse/e4/core/contexts/IEclipseContext;Ljava/lang/Object;)Ljava/lang/Object;+29
j  org.eclipse.e4.core.commands.internal.HandlerServiceHandler.execute(Lorg/eclipse/core/commands/ExecutionEvent;)Ljava/lang/Object;+94
j  org.eclipse.core.commands.Command.executeWithChecks(Lorg/eclipse/core/commands/ExecutionEvent;)Ljava/lang/Object;+164
j  org.eclipse.core.commands.ParameterizedCommand.executeWithChecks(Ljava/lang/Object;Ljava/lang/Object;)Ljava/lang/Object;+21
j  org.eclipse.e4.core.commands.internal.HandlerServiceImpl.executeHandler(Lorg/eclipse/core/commands/ParameterizedCommand;Lorg/eclipse/e4/core/contexts/IEclipseContext;)Ljava/lang/Object;+38
j  org.eclipse.e4.ui.workbench.renderers.swt.HandledContributionItem.executeItem(Lorg/eclipse/swt/widgets/Event;)V+53
j  org.eclipse.e4.ui.workbench.renderers.swt.AbstractContributionItem.handleWidgetSelection(Lorg/eclipse/swt/widgets/Event;)V+123
j  org.eclipse.e4.ui.workbench.renderers.swt.AbstractContributionItem$3.handleEvent(Lorg/eclipse/swt/widgets/Event;)V+71
J 2230 C1 org.eclipse.swt.widgets.EventTable.sendEvent(Lorg/eclipse/swt/widgets/Event;)V (532 bytes) @ 0x02aca9a8 [0x02aca8f0+0xb8]
j  org.eclipse.swt.widgets.Display.sendEvent(Lorg/eclipse/swt/widgets/EventTable;Lorg/eclipse/swt/widgets/Event;)V+12
J 3788 C1 org.eclipse.swt.widgets.Display.runDeferredEvents()Z (109 bytes) @ 0x02d56448 [0x02d562c0+0x188]
J 3480 C1 org.eclipse.swt.widgets.Display.readAndDispatch()Z (101 bytes) @ 0x02b06014 [0x02b05dd0+0x244]
J 4345% C1 org.eclipse.e4.ui.internal.workbench.swt.PartRenderingEngine$4.run()V (669 bytes) @ 0x02a9bacc [0x02a9a5f0+0x14dc]
j  org.eclipse.core.databinding.observable.Realm.runWithDefault(Lorg/eclipse/core/databinding/observable/Realm;Ljava/lang/Runnable;)V+12
j  org.eclipse.e4.ui.internal.workbench.swt.PartRenderingEngine.run(Lorg/eclipse/e4/ui/model/application/MApplicationElement;Lorg/eclipse/e4/core/contexts/IEclipseContext;)Ljava/lang/Object;+57
j  org.eclipse.e4.ui.internal.workbench.E4Workbench.createAndRunUI(Lorg/eclipse/e4/ui/model/application/MApplicationElement;)V+20
j  org.eclipse.ui.internal.Workbench$5.run()V+436
j  org.eclipse.core.databinding.observable.Realm.runWithDefault(Lorg/eclipse/core/databinding/observable/Realm;Ljava/lang/Runnable;)V+12
j  org.eclipse.ui.internal.Workbench.createAndRunWorkbench(Lorg/eclipse/swt/widgets/Display;Lorg/eclipse/ui/application/WorkbenchAdvisor;)I+18
j  org.eclipse.ui.PlatformUI.createAndRunWorkbench(Lorg/eclipse/swt/widgets/Display;Lorg/eclipse/ui/application/WorkbenchAdvisor;)I+2
j  org.xmind.cathy.internal.CathyApplication.start(Lorg/eclipse/equinox/app/IApplicationContext;)Ljava/lang/Object;+322
j  org.eclipse.equinox.internal.app.EclipseAppHandle.run(Ljava/lang/Object;)Ljava/lang/Object;+135
j  org.eclipse.core.runtime.internal.adaptor.EclipseAppLauncher.runApplication(Ljava/lang/Object;)Ljava/lang/Object;+85
j  org.eclipse.core.runtime.internal.adaptor.EclipseAppLauncher.start(Ljava/lang/Object;)Ljava/lang/Object;+82
j  org.eclipse.core.runtime.adaptor.EclipseStarter.run(Ljava/lang/Object;)Ljava/lang/Object;+105
j  org.eclipse.core.runtime.adaptor.EclipseStarter.run([Ljava/lang/String;Ljava/lang/Runnable;)Ljava/lang/Object;+132
v  ~StubRoutines::call_stub
V  [jvm.dll+0x159775]
V  [jvm.dll+0x21f4ae]
V  [jvm.dll+0x15980e]
V  [jvm.dll+0x165f48]
V  [jvm.dll+0x1661b3]
V  [jvm.dll+0x102b43]
C  [java.dll+0x3b26]
j  sun.reflect.NativeMethodAccessorImpl.invoke(Ljava/lang/Object;[Ljava/lang/Object;)Ljava/lang/Object;+100
j  sun.reflect.DelegatingMethodAccessorImpl.invoke(Ljava/lang/Object;[Ljava/lang/Object;)Ljava/lang/Object;+6
j  java.lang.reflect.Method.invoke(Ljava/lang/Object;[Ljava/lang/Object;)Ljava/lang/Object;+56
j  org.eclipse.equinox.launcher.Main.invokeFramework([Ljava/lang/String;[Ljava/net/URL;)V+265
j  org.eclipse.equinox.launcher.Main.basicRun([Ljava/lang/String;)V+160
j  org.eclipse.equinox.launcher.Main.run([Ljava/lang/String;)I+4
v  ~StubRoutines::call_stub
V  [jvm.dll+0x159775]
V  [jvm.dll+0x21f4ae]
V  [jvm.dll+0x15980e]
V  [jvm.dll+0xdb6cb]
V  [jvm.dll+0xdd398]
C  [eclipse_1617.dll+0x64e4]
C  [eclipse_1617.dll+0x5460]
C  [eclipse_1617.dll+0x15ce]
C  [eclipse_1617.dll+0x1043]
C  [XMind.exe+0x14e9]
...<more frames>...

Java frames: (J=compiled Java code, j=interpreted, Vv=VM code)
j  org.eclipse.swt.internal.win32.OS.GetOpenFileNameW(Lorg/eclipse/swt/internal/win32/OPENFILENAME;)Z+0
j  org.eclipse.swt.internal.win32.OS.GetOpenFileName(Lorg/eclipse/swt/internal/win32/OPENFILENAME;)Z+7
j  org.eclipse.swt.widgets.FileDialog.open()Ljava/lang/String;+896
j  org.xmind.ui.internal.actions.InsertImageAction.run()V+164
j  org.eclipse.jface.action.Action.runWithEvent(Lorg/eclipse/swt/widgets/Event;)V+1
j  org.eclipse.ui.actions.RetargetAction.runWithEvent(Lorg/eclipse/swt/widgets/Event;)V+12
j  org.eclipse.jface.commands.ActionHandler.execute(Lorg/eclipse/core/commands/ExecutionEvent;)Ljava/lang/Object;+73
j  org.eclipse.ui.internal.handlers.E4HandlerProxy.execute(Lorg/eclipse/e4/core/contexts/IEclipseContext;Ljava/util/Map;Lorg/eclipse/swt/widgets/Event;Lorg/eclipse/core/expressions/IEvaluationContext;)Ljava/lang/Object;+117
j  sun.reflect.GeneratedMethodAccessor48.invoke(Ljava/lang/Object;[Ljava/lang/Object;)Ljava/lang/Object;+64
J 2304 C1 sun.reflect.DelegatingMethodAccessorImpl.invoke(Ljava/lang/Object;[Ljava/lang/Object;)Ljava/lang/Object; (10 bytes) @ 0x02af2500 [0x02af24d0+0x30]
J 2332 C1 java.lang.reflect.Method.invoke(Ljava/lang/Object;[Ljava/lang/Object;)Ljava/lang/Object; (62 bytes) @ 0x02afdad4 [0x02afda00+0xd4]
J 2308 C1 org.eclipse.e4.core.internal.di.MethodRequestor.execute()Ljava/lang/Object; (189 bytes) @ 0x02af319c [0x02af2fe0+0x1bc]
J 4203 C1 org.eclipse.e4.core.internal.di.InjectorImpl.invokeUsingClass(Ljava/lang/Object;Ljava/lang/Class;Ljava/lang/Class;Ljava/lang/Object;Lorg/eclipse/e4/core/di/suppliers/PrimaryObjectSupplier;Lorg/eclipse/e4/core/di/suppliers/PrimaryObjectSupplier;Z)Ljava/lang/Object; (157 bytes) @ 0x02800724 [0x02800450+0x2d4]
j  org.eclipse.e4.core.internal.di.InjectorImpl.invoke(Ljava/lang/Object;Ljava/lang/Class;Ljava/lang/Object;Lorg/eclipse/e4/core/di/suppliers/PrimaryObjectSupplier;Lorg/eclipse/e4/core/di/suppliers/PrimaryObjectSupplier;)Ljava/lang/Object;+13
j  org.eclipse.e4.core.contexts.ContextInjectionFactory.invoke(Ljava/lang/Object;Ljava/lang/Class;Lorg/eclipse/e4/core/contexts/IEclipseContext;Lorg/eclipse/e4/core/contexts/IEclipseContext;Ljava/lang/Object;)Ljava/lang/Object;+29
j  org.eclipse.e4.core.commands.internal.HandlerServiceHandler.execute(Lorg/eclipse/core/commands/ExecutionEvent;)Ljava/lang/Object;+94
j  org.eclipse.core.commands.Command.executeWithChecks(Lorg/eclipse/core/commands/ExecutionEvent;)Ljava/lang/Object;+164
j  org.eclipse.core.commands.ParameterizedCommand.executeWithChecks(Ljava/lang/Object;Ljava/lang/Object;)Ljava/lang/Object;+21
j  org.eclipse.e4.core.commands.internal.HandlerServiceImpl.executeHandler(Lorg/eclipse/core/commands/ParameterizedCommand;Lorg/eclipse/e4/core/contexts/IEclipseContext;)Ljava/lang/Object;+38
j  org.eclipse.e4.ui.workbench.renderers.swt.HandledContributionItem.executeItem(Lorg/eclipse/swt/widgets/Event;)V+53
j  org.eclipse.e4.ui.workbench.renderers.swt.AbstractContributionItem.handleWidgetSelection(Lorg/eclipse/swt/widgets/Event;)V+123
j  org.eclipse.e4.ui.workbench.renderers.swt.AbstractContributionItem$3.handleEvent(Lorg/eclipse/swt/widgets/Event;)V+71
J 2230 C1 org.eclipse.swt.widgets.EventTable.sendEvent(Lorg/eclipse/swt/widgets/Event;)V (532 bytes) @ 0x02aca9a8 [0x02aca8f0+0xb8]
j  org.eclipse.swt.widgets.Display.sendEvent(Lorg/eclipse/swt/widgets/EventTable;Lorg/eclipse/swt/widgets/Event;)V+12
J 3788 C1 org.eclipse.swt.widgets.Display.runDeferredEvents()Z (109 bytes) @ 0x02d56448 [0x02d562c0+0x188]
J 3480 C1 org.eclipse.swt.widgets.Display.readAndDispatch()Z (101 bytes) @ 0x02b06014 [0x02b05dd0+0x244]
J 4345% C1 org.eclipse.e4.ui.internal.workbench.swt.PartRenderingEngine$4.run()V (669 bytes) @ 0x02a9bacc [0x02a9a5f0+0x14dc]
j  org.eclipse.core.databinding.observable.Realm.runWithDefault(Lorg/eclipse/core/databinding/observable/Realm;Ljava/lang/Runnable;)V+12
j  org.eclipse.e4.ui.internal.workbench.swt.PartRenderingEngine.run(Lorg/eclipse/e4/ui/model/application/MApplicationElement;Lorg/eclipse/e4/core/contexts/IEclipseContext;)Ljava/lang/Object;+57
j  org.eclipse.e4.ui.internal.workbench.E4Workbench.createAndRunUI(Lorg/eclipse/e4/ui/model/application/MApplicationElement;)V+20
j  org.eclipse.ui.internal.Workbench$5.run()V+436
j  org.eclipse.core.databinding.observable.Realm.runWithDefault(Lorg/eclipse/core/databinding/observable/Realm;Ljava/lang/Runnable;)V+12
j  org.eclipse.ui.internal.Workbench.createAndRunWorkbench(Lorg/eclipse/swt/widgets/Display;Lorg/eclipse/ui/application/WorkbenchAdvisor;)I+18
j  org.eclipse.ui.PlatformUI.createAndRunWorkbench(Lorg/eclipse/swt/widgets/Display;Lorg/eclipse/ui/application/WorkbenchAdvisor;)I+2
j  org.xmind.cathy.internal.CathyApplication.start(Lorg/eclipse/equinox/app/IApplicationContext;)Ljava/lang/Object;+322
j  org.eclipse.equinox.internal.app.EclipseAppHandle.run(Ljava/lang/Object;)Ljava/lang/Object;+135
j  org.eclipse.core.runtime.internal.adaptor.EclipseAppLauncher.runApplication(Ljava/lang/Object;)Ljava/lang/Object;+85
j  org.eclipse.core.runtime.internal.adaptor.EclipseAppLauncher.start(Ljava/lang/Object;)Ljava/lang/Object;+82
j  org.eclipse.core.runtime.adaptor.EclipseStarter.run(Ljava/lang/Object;)Ljava/lang/Object;+105
j  org.eclipse.core.runtime.adaptor.EclipseStarter.run([Ljava/lang/String;Ljava/lang/Runnable;)Ljava/lang/Object;+132
v  ~StubRoutines::call_stub
j  sun.reflect.NativeMethodAccessorImpl.invoke0(Ljava/lang/reflect/Method;Ljava/lang/Object;[Ljava/lang/Object;)Ljava/lang/Object;+0
j  sun.reflect.NativeMethodAccessorImpl.invoke(Ljava/lang/Object;[Ljava/lang/Object;)Ljava/lang/Object;+100
j  sun.reflect.DelegatingMethodAccessorImpl.invoke(Ljava/lang/Object;[Ljava/lang/Object;)Ljava/lang/Object;+6
j  java.lang.reflect.Method.invoke(Ljava/lang/Object;[Ljava/lang/Object;)Ljava/lang/Object;+56
j  org.eclipse.equinox.launcher.Main.invokeFramework([Ljava/lang/String;[Ljava/net/URL;)V+265
j  org.eclipse.equinox.launcher.Main.basicRun([Ljava/lang/String;)V+160
j  org.eclipse.equinox.launcher.Main.run([Ljava/lang/String;)I+4
v  ~StubRoutines::call_stub

---------------  P R O C E S S  ---------------

Java Threads: ( => current thread )
  0x0738b800 JavaThread "Worker-59" [_thread_blocked, id=10768, stack(0x0f050000,0x0f150000)]
  0x0adb3000 JavaThread "Worker-54" [_thread_blocked, id=16216, stack(0x09140000,0x09240000)]
  0x0ad59800 JavaThread "[ThreadPool Manager] - Idle Thread" daemon [_thread_blocked, id=15256, stack(0x53280000,0x53380000)]
  0x0adb7c00 JavaThread "EditorHistoryPersistenceThread" daemon [_thread_blocked, id=11768, stack(0x514b0000,0x515b0000)]
  0x0adb7000 JavaThread "Thread-4" daemon [_thread_blocked, id=5372, stack(0x511f0000,0x512f0000)]
  0x0738a800 JavaThread "EventAdmin Async Event Dispatcher Thread" daemon [_thread_blocked, id=14804, stack(0x09f50000,0x0a050000)]
  0x07387400 JavaThread "EMF Reference Cleaner" daemon [_thread_blocked, id=15900, stack(0x08a30000,0x08b30000)]
  0x07386c00 JavaThread "AWT-Windows" daemon [_thread_in_native, id=13716, stack(0x087f0000,0x088f0000)]
  0x072e9000 JavaThread "Java2D Disposer" daemon [_thread_blocked, id=16360, stack(0x08570000,0x08670000)]
  0x07305c00 JavaThread "CathyUsageDataCollector" daemon [_thread_blocked, id=15640, stack(0x07f60000,0x08060000)]
  0x07185000 JavaThread "Worker-JM" [_thread_blocked, id=1160, stack(0x079c0000,0x07ac0000)]
  0x06592400 JavaThread "Bundle File Closer" daemon [_thread_blocked, id=14940, stack(0x06f80000,0x07080000)]
  0x0652e400 JavaThread "[Timer] - Main Queue Handler" daemon [_thread_blocked, id=15728, stack(0x06e80000,0x06f80000)]
  0x064ddc00 JavaThread "Start Level: Equinox Container: 50d8c215-7b70-0019-1098-9a6e5976d1c6" daemon [_thread_blocked, id=16284, stack(0x06c80000,0x06d80000)]
  0x064db400 JavaThread "Framework Event Dispatcher: org.eclipse.osgi.internal.framework.EquinoxEventPublisher@48e66b" daemon [_thread_blocked, id=15980, stack(0x06b80000,0x06c80000)]
  0x063ec400 JavaThread "Active Thread: Equinox Container: 50d8c215-7b70-0019-1098-9a6e5976d1c6" [_thread_blocked, id=15932, stack(0x06870000,0x06970000)]
  0x05150400 JavaThread "Service Thread" daemon [_thread_blocked, id=16084, stack(0x058e0000,0x059e0000)]
  0x0514d400 JavaThread "C1 CompilerThread0" daemon [_thread_blocked, id=12416, stack(0x057a0000,0x058a0000)]
  0x05147c00 JavaThread "Attach Listener" daemon [_thread_blocked, id=14308, stack(0x05660000,0x05760000)]
  0x0513a800 JavaThread "Signal Dispatcher" daemon [_thread_blocked, id=10344, stack(0x05520000,0x05620000)]
  0x05128000 JavaThread "Finalizer" daemon [_thread_blocked, id=15448, stack(0x053e0000,0x054e0000)]
  0x05123000 JavaThread "Reference Handler" daemon [_thread_blocked, id=15824, stack(0x052e0000,0x053e0000)]
=>0x01ddf400 JavaThread "main" [_thread_in_native, id=15984, stack(0x00090000,0x00190000)]

Other Threads:
  0x050fd400 VMThread [stack: 0x04f10000,0x05010000] [id=14432]
  0x05152000 WatcherThread [stack: 0x05a20000,0x05b20000] [id=15520]

VM state:not at safepoint (normal execution)

VM Mutex/Monitor currently owned by a thread: None

Heap:
 def new generation   total 39424K, used 27827K [0x0fa00000, 0x124c0000, 0x24f50000)
  eden space 35072K,  77% used [0x0fa00000, 0x1146a3d0, 0x11c40000)
  from space 4352K,  17% used [0x12080000, 0x121429d0, 0x124c0000)
  to   space 4352K,   0% used [0x11c40000, 0x11c40000, 0x12080000)
 tenured generation   total 87424K, used 61786K [0x24f50000, 0x2a4b0000, 0x4fa00000)
   the space 87424K,  70% used [0x24f50000, 0x28ba6a70, 0x28ba6c00, 0x2a4b0000)
 Metaspace       used 34025K, capacity 35833K, committed 35968K, reserved 36224K

Card table byte_map: [0x04740000,0x04950000] byte_map_base: 0x046c3000

Polling page: 0x007e0000

CodeCache: size=32768Kb used=4103Kb max_used=6946Kb free=28664Kb
 bounds [0x026c0000, 0x02d90000, 0x046c0000]
 total_blobs=2287 nmethods=2008 adapters=206
 compilation: enabled

Compilation events (10 events):
Event: 15428.636 Thread 0x0514d400 9843   !         org.eclipse.draw2d.FreeformLayer::fireExtentChanged (64 bytes)
Event: 15428.637 Thread 0x0514d400 nmethod 9843 0x02a6b3c8 code [0x02a6b540, 0x02a6b9b4]
Event: 15431.523 Thread 0x0514d400 9844             org.eclipse.swt.widgets.Shell::callWindowProc (194 bytes)
Event: 15431.524 Thread 0x0514d400 nmethod 9844 0x029827c8 code [0x02982930, 0x02982c4c]
Event: 15436.470 Thread 0x0514d400 9845             com.sun.org.apache.xerces.internal.impl.XMLVersionDetector::reset (72 bytes)
Event: 15436.471 Thread 0x0514d400 nmethod 9845 0x02a6a8c8 code [0x02a6aa60, 0x02a6ae18]
Event: 15436.471 Thread 0x0514d400 9846   !         com.sun.org.apache.xerces.internal.impl.XMLVersionDetector::determineDocVersion (275 bytes)
Event: 15436.473 Thread 0x0514d400 nmethod 9846 0x02a69948 code [0x02a69b50, 0x02a6a058]
Event: 15436.475 Thread 0x0514d400 9847             com.sun.org.apache.xerces.internal.dom.ParentNode::nodeListItem (226 bytes)
Event: 15436.476 Thread 0x0514d400 nmethod 9847 0x02a692c8 code [0x02a693f0, 0x02a696ec]

GC Heap History (10 events):
Event: 14312.648 GC heap before
{Heap before GC invocations=58 (full 3):
 def new generation   total 39424K, used 35826K [0x0fa00000, 0x124c0000, 0x24f50000)
  eden space 35072K, 100% used [0x0fa00000, 0x11c40000, 0x11c40000)
  from space 4352K,  17% used [0x11c40000, 0x11cfc848, 0x12080000)
  to   space 4352K,   0% used [0x12080000, 0x12080000, 0x124c0000)
 tenured generation   total 87424K, used 61641K [0x24f50000, 0x2a4b0000, 0x4fa00000)
   the space 87424K,  70% used [0x24f50000, 0x28b82518, 0x28b82600, 0x2a4b0000)
 Metaspace       used 33991K, capacity 35759K, committed 35840K, reserved 36224K
Event: 14312.653 GC heap after
Heap after GC invocations=59 (full 3):
 def new generation   total 39424K, used 658K [0x0fa00000, 0x124c0000, 0x24f50000)
  eden space 35072K,   0% used [0x0fa00000, 0x0fa00000, 0x11c40000)
  from space 4352K,  15% used [0x12080000, 0x12124810, 0x124c0000)
  to   space 4352K,   0% used [0x11c40000, 0x11c40000, 0x12080000)
 tenured generation   total 87424K, used 61683K [0x24f50000, 0x2a4b0000, 0x4fa00000)
   the space 87424K,  70% used [0x24f50000, 0x28b8ccf0, 0x28b8ce00, 0x2a4b0000)
 Metaspace       used 33991K, capacity 35759K, committed 35840K, reserved 36224K
}
Event: 14351.890 GC heap before
{Heap before GC invocations=59 (full 3):
 def new generation   total 39424K, used 35730K [0x0fa00000, 0x124c0000, 0x24f50000)
  eden space 35072K, 100% used [0x0fa00000, 0x11c40000, 0x11c40000)
  from space 4352K,  15% used [0x12080000, 0x12124810, 0x124c0000)
  to   space 4352K,   0% used [0x11c40000, 0x11c40000, 0x12080000)
 tenured generation   total 87424K, used 61683K [0x24f50000, 0x2a4b0000, 0x4fa00000)
   the space 87424K,  70% used [0x24f50000, 0x28b8ccf0, 0x28b8ce00, 0x2a4b0000)
 Metaspace       used 33991K, capacity 35759K, committed 35840K, reserved 36224K
Event: 14351.893 GC heap after
Heap after GC invocations=60 (full 3):
 def new generation   total 39424K, used 558K [0x0fa00000, 0x124c0000, 0x24f50000)
  eden space 35072K,   0% used [0x0fa00000, 0x0fa00000, 0x11c40000)
  from space 4352K,  12% used [0x11c40000, 0x11ccb8e8, 0x12080000)
  to   space 4352K,   0% used [0x12080000, 0x12080000, 0x124c0000)
 tenured generation   total 87424K, used 61720K [0x24f50000, 0x2a4b0000, 0x4fa00000)
   the space 87424K,  70% used [0x24f50000, 0x28b962a8, 0x28b96400, 0x2a4b0000)
 Metaspace       used 33991K, capacity 35759K, committed 35840K, reserved 36224K
}
Event: 14375.165 GC heap before
{Heap before GC invocations=60 (full 3):
 def new generation   total 39424K, used 35630K [0x0fa00000, 0x124c0000, 0x24f50000)
  eden space 35072K, 100% used [0x0fa00000, 0x11c40000, 0x11c40000)
  from space 4352K,  12% used [0x11c40000, 0x11ccb8e8, 0x12080000)
  to   space 4352K,   0% used [0x12080000, 0x12080000, 0x124c0000)
 tenured generation   total 87424K, used 61720K [0x24f50000, 0x2a4b0000, 0x4fa00000)
   the space 87424K,  70% used [0x24f50000, 0x28b962a8, 0x28b96400, 0x2a4b0000)
 Metaspace       used 33992K, capacity 35762K, committed 35840K, reserved 36224K
Event: 14375.169 GC heap after
Heap after GC invocations=61 (full 3):
 def new generation   total 39424K, used 694K [0x0fa00000, 0x124c0000, 0x24f50000)
  eden space 35072K,   0% used [0x0fa00000, 0x0fa00000, 0x11c40000)
  from space 4352K,  15% used [0x12080000, 0x1212d838, 0x124c0000)
  to   space 4352K,   0% used [0x11c40000, 0x11c40000, 0x12080000)
 tenured generation   total 87424K, used 61726K [0x24f50000, 0x2a4b0000, 0x4fa00000)
   the space 87424K,  70% used [0x24f50000, 0x28b97898, 0x28b97a00, 0x2a4b0000)
 Metaspace       used 33992K, capacity 35762K, committed 35840K, reserved 36224K
}
Event: 14439.419 GC heap before
{Heap before GC invocations=61 (full 3):
 def new generation   total 39424K, used 35766K [0x0fa00000, 0x124c0000, 0x24f50000)
  eden space 35072K, 100% used [0x0fa00000, 0x11c40000, 0x11c40000)
  from space 4352K,  15% used [0x12080000, 0x1212d838, 0x124c0000)
  to   space 4352K,   0% used [0x11c40000, 0x11c40000, 0x12080000)
 tenured generation   total 87424K, used 61726K [0x24f50000, 0x2a4b0000, 0x4fa00000)
   the space 87424K,  70% used [0x24f50000, 0x28b97898, 0x28b97a00, 0x2a4b0000)
 Metaspace       used 33992K, capacity 35762K, committed 35840K, reserved 36224K
Event: 14439.425 GC heap after
Heap after GC invocations=62 (full 3):
 def new generation   total 39424K, used 699K [0x0fa00000, 0x124c0000, 0x24f50000)
  eden space 35072K,   0% used [0x0fa00000, 0x0fa00000, 0x11c40000)
  from space 4352K,  16% used [0x11c40000, 0x11ceef48, 0x12080000)
  to   space 4352K,   0% used [0x12080000, 0x12080000, 0x124c0000)
 tenured generation   total 87424K, used 61778K [0x24f50000, 0x2a4b0000, 0x4fa00000)
   the space 87424K,  70% used [0x24f50000, 0x28ba4b78, 0x28ba4c00, 0x2a4b0000)
 Metaspace       used 33992K, capacity 35762K, committed 35840K, reserved 36224K
}
Event: 14978.904 GC heap before
{Heap before GC invocations=62 (full 3):
 def new generation   total 39424K, used 35771K [0x0fa00000, 0x124c0000, 0x24f50000)
  eden space 35072K, 100% used [0x0fa00000, 0x11c40000, 0x11c40000)
  from space 4352K,  16% used [0x11c40000, 0x11ceef48, 0x12080000)
  to   space 4352K,   0% used [0x12080000, 0x12080000, 0x124c0000)
 tenured generation   total 87424K, used 61778K [0x24f50000, 0x2a4b0000, 0x4fa00000)
   the space 87424K,  70% used [0x24f50000, 0x28ba4b78, 0x28ba4c00, 0x2a4b0000)
 Metaspace       used 33994K, capacity 35764K, committed 35840K, reserved 36224K
Event: 14978.907 GC heap after
Heap after GC invocations=63 (full 3):
 def new generation   total 39424K, used 778K [0x0fa00000, 0x124c0000, 0x24f50000)
  eden space 35072K,   0% used [0x0fa00000, 0x0fa00000, 0x11c40000)
  from space 4352K,  17% used [0x12080000, 0x121429d0, 0x124c0000)
  to   space 4352K,   0% used [0x11c40000, 0x11c40000, 0x12080000)
 tenured generation   total 87424K, used 61786K [0x24f50000, 0x2a4b0000, 0x4fa00000)
   the space 87424K,  70% used [0x24f50000, 0x28ba6a70, 0x28ba6c00, 0x2a4b0000)
 Metaspace       used 33994K, capacity 35764K, committed 35840K, reserved 36224K
}

Deoptimization events (0 events):
No events

Internal exceptions (10 events):
Event: 8759.173 Thread 0x07388000 Exception <a 'java/io/IOException'> (0x1062af70) thrown at [C:\workspace\8-2-build-windows-i586-cygwin\jdk8u92\6642\hotspot\src\share\vm\prims\jni.cpp, line 709]
Event: 12617.766 Thread 0x07305c00 Exception <a 'java/lang/InterruptedException': sleep interrupted> (0x11568948) thrown at [C:\workspace\8-2-build-windows-i586-cygwin\jdk8u92\6642\hotspot\src\share\vm\prims\jvm.cpp, line 3215]
Event: 12623.404 Thread 0x0ad59000 Exception <a 'java/io/FileNotFoundException'> (0x118ef1a8) thrown at [C:\workspace\8-2-build-windows-i586-cygwin\jdk8u92\6642\hotspot\src\share\vm\prims\jni.cpp, line 709]
Event: 12623.404 Thread 0x0ad59000 Exception <a 'java/io/FileNotFoundException'> (0x118ef840) thrown at [C:\workspace\8-2-build-windows-i586-cygwin\jdk8u92\6642\hotspot\src\share\vm\prims\jni.cpp, line 709]
Event: 12623.404 Thread 0x0ad59000 Exception <a 'java/io/FileNotFoundException'> (0x118efed8) thrown at [C:\workspace\8-2-build-windows-i586-cygwin\jdk8u92\6642\hotspot\src\share\vm\prims\jni.cpp, line 709]
Event: 12623.404 Thread 0x0ad59000 Exception <a 'java/io/FileNotFoundException'> (0x118f0570) thrown at [C:\workspace\8-2-build-windows-i586-cygwin\jdk8u92\6642\hotspot\src\share\vm\prims\jni.cpp, line 709]
Event: 12623.405 Thread 0x0ad59000 Exception <a 'java/io/FileNotFoundException'> (0x118f0c08) thrown at [C:\workspace\8-2-build-windows-i586-cygwin\jdk8u92\6642\hotspot\src\share\vm\prims\jni.cpp, line 709]
Event: 12701.414 Thread 0x07305c00 Exception <a 'java/lang/InterruptedException': sleep interrupted> (0x10056fe8) thrown at [C:\workspace\8-2-build-windows-i586-cygwin\jdk8u92\6642\hotspot\src\share\vm\prims\jvm.cpp, line 3215]
Event: 12711.870 Thread 0x07305c00 Exception <a 'java/lang/InterruptedException': sleep interrupted> (0x100c6970) thrown at [C:\workspace\8-2-build-windows-i586-cygwin\jdk8u92\6642\hotspot\src\share\vm\prims\jvm.cpp, line 3215]
Event: 12711.877 Thread 0x07305c00 Exception <a 'java/lang/InterruptedException': sleep interrupted> (0x10ae4010) thrown at [C:\workspace\8-2-build-windows-i586-cygwin\jdk8u92\6642\hotspot\src\share\vm\prims\jvm.cpp, line 3167]

Events (10 events):
Event: 15427.542 Thread 0x0514d400 flushing nmethod 0x02a6a848
Event: 15427.542 Thread 0x0514d400 flushing nmethod 0x02aebd48
Event: 15427.542 Thread 0x0514d400 flushing nmethod 0x02b38fc8
Event: 15427.542 Thread 0x0514d400 flushing nmethod 0x02b3b088
Event: 15427.551 Thread 0x0514d400 flushing nmethod 0x02d70508
Event: 15428.628 Thread 0x0514d400 flushing nmethod 0x02af1888
Event: 15428.632 Thread 0x0514d400 flushing nmethod 0x02d70248
Event: 15436.471 Thread 0x0514d400 flushing nmethod 0x02a67688
Event: 15436.471 Thread 0x0514d400 flushing nmethod 0x02b0aa48
Event: 15436.473 Thread 0x0514d400 flushing nmethod 0x02c081c8


Dynamic libraries:
0x00400000 - 0x0044f000 	C:\Program Files (x86)\XMind\XMind.exe
0x772b0000 - 0x77430000 	C:\Windows\SysWOW64\ntdll.dll
0x75220000 - 0x75330000 	C:\Windows\syswow64\kernel32.dll
0x76cc0000 - 0x76d07000 	C:\Windows\syswow64\KERNELBASE.dll
0x765b0000 - 0x766b0000 	C:\Windows\syswow64\USER32.dll
0x75580000 - 0x75610000 	C:\Windows\syswow64\GDI32.dll
0x74ce0000 - 0x74cea000 	C:\Windows\syswow64\LPK.dll
0x74a90000 - 0x74b2d000 	C:\Windows\syswow64\USP10.dll
0x75040000 - 0x750ec000 	C:\Windows\syswow64\msvcrt.dll
0x76790000 - 0x76831000 	C:\Windows\syswow64\ADVAPI32.dll
0x74ba0000 - 0x74bb9000 	C:\Windows\SysWOW64\sechost.dll
0x75480000 - 0x75570000 	C:\Windows\syswow64\RPCRT4.dll
0x749d0000 - 0x74a30000 	C:\Windows\syswow64\SspiCli.dll
0x749c0000 - 0x749cc000 	C:\Windows\syswow64\CRYPTBASE.dll
0x6e2c0000 - 0x6e45e000 	C:\Windows\WinSxS\x86_microsoft.windows.common-controls_6595b64144ccf1df_6.0.7601.24380_none_2b2053e245779417\COMCTL32.dll
0x74a30000 - 0x74a87000 	C:\Windows\syswow64\SHLWAPI.dll
0x0f860000 - 0x0f871000 	C:\Program Files (x86)\XMind\XMPlugin.dll
0x74bc0000 - 0x74c3b000 	C:\Windows\syswow64\COMDLG32.dll
0x75620000 - 0x7626c000 	C:\Windows\syswow64\SHELL32.dll
0x76360000 - 0x764bf000 	C:\Windows\syswow64\ole32.dll
0x74c40000 - 0x74cd2000 	C:\Windows\syswow64\OLEAUT32.dll
0x6eed0000 - 0x6ef39000 	C:\Windows\system32\MSVCP100.dll
0x6ef40000 - 0x6efff000 	C:\Windows\system32\MSVCR100.dll
0x75330000 - 0x75480000 	C:\Windows\syswow64\urlmon.dll
0x76ec0000 - 0x76ec4000 	C:\Windows\syswow64\api-ms-win-downlevel-ole32-l1-1-0.dll
0x74de0000 - 0x74de4000 	C:\Windows\syswow64\api-ms-win-downlevel-shlwapi-l1-1-0.dll
0x76280000 - 0x76285000 	C:\Windows\syswow64\api-ms-win-downlevel-advapi32-l1-1-0.dll
0x75570000 - 0x75574000 	C:\Windows\syswow64\api-ms-win-downlevel-user32-l1-1-0.dll
0x76eb0000 - 0x76eb4000 	C:\Windows\syswow64\api-ms-win-downlevel-version-l1-1-0.dll
0x748f0000 - 0x748f9000 	C:\Windows\system32\version.DLL
0x74df0000 - 0x74df3000 	C:\Windows\syswow64\api-ms-win-downlevel-normaliz-l1-1-0.dll
0x76270000 - 0x76273000 	C:\Windows\syswow64\normaliz.DLL
0x74e00000 - 0x75036000 	C:\Windows\syswow64\iertutil.dll
0x76840000 - 0x76c76000 	C:\Windows\syswow64\WININET.dll
0x76c80000 - 0x76c97000 	C:\Windows\syswow64\USERENV.dll
0x75610000 - 0x7561b000 	C:\Windows\syswow64\profapi.dll
0x745e0000 - 0x745fc000 	C:\Windows\system32\IPHLPAPI.DLL
0x74b30000 - 0x74b36000 	C:\Windows\syswow64\NSI.dll
0x745d0000 - 0x745d7000 	C:\Windows\system32\WINNSI.DLL
0x73af0000 - 0x73b02000 	C:\Windows\system32\MPR.dll
0x764c0000 - 0x76520000 	C:\Windows\system32\IMM32.DLL
0x74cf0000 - 0x74dbd000 	C:\Windows\syswow64\MSCTF.dll
0x74070000 - 0x74082000 	C:\Windows\system32\dhcpcsvc.DLL
0x762c0000 - 0x762f5000 	C:\Windows\syswow64\WS2_32.dll
0x72000000 - 0x7200d000 	C:\Program Files (x86)\XMind\plugins\org.eclipse.equinox.launcher.win32.win32.x86_1.1.400.v20160518-1444\eclipse_1617.dll
0x6c890000 - 0x6cc5b000 	C:\Program Files (x86)\XMind\jre\bin\client\jvm.dll
0x6d680000 - 0x6d687000 	C:\Windows\system32\WSOCK32.dll
0x718e0000 - 0x71912000 	C:\Windows\system32\WINMM.dll
0x76cb0000 - 0x76cb5000 	C:\Windows\syswow64\PSAPI.DLL
0x6f0b0000 - 0x6f0bc000 	C:\Program Files (x86)\XMind\jre\bin\verify.dll
0x6d2b0000 - 0x6d2d1000 	C:\Program Files (x86)\XMind\jre\bin\java.dll
0x6f1a0000 - 0x6f1b3000 	C:\Program Files (x86)\XMind\jre\bin\zip.dll
0x740d0000 - 0x740e7000 	C:\Windows\system32\CRYPTSP.dll
0x74090000 - 0x740cb000 	C:\Windows\system32\rsaenh.dll
0x05b70000 - 0x05b86000 	C:\Program Files (x86)\XMind\jre\bin\net.dll
0x73ab0000 - 0x73aec000 	C:\Windows\system32\mswsock.dll
0x6faf0000 - 0x6faf6000 	C:\Windows\System32\wship6.dll
0x6fae0000 - 0x6faed000 	C:\Windows\system32\dhcpcsvc6.DLL
0x61230000 - 0x6123f000 	C:\Program Files (x86)\XMind\jre\bin\nio.dll
0x716d0000 - 0x71750000 	C:\Windows\system32\uxtheme.dll
0x515c0000 - 0x515de000 	D:\Youdao\Dict\8.5.2.0\WordStrokeHelper32.dll
0x6fbb0000 - 0x6fbb3000 	C:\Windows\system32\api-ms-win-core-synch-l1-2-0.DLL
0x739e0000 - 0x739f0000 	C:\Windows\system32\NLAapi.dll
0x739d0000 - 0x739e0000 	C:\Windows\system32\napinsp.dll
0x739b0000 - 0x739c2000 	C:\Windows\system32\pnrpnsp.dll
0x73960000 - 0x739a4000 	C:\Windows\system32\DNSAPI.dll
0x73950000 - 0x73958000 	C:\Windows\System32\winrnr.dll
0x73940000 - 0x7394d000 	C:\Windows\system32\wshbth.dll
0x73aa0000 - 0x73aa5000 	C:\Windows\System32\wshtcpip.dll
0x6e540000 - 0x6e546000 	C:\Windows\system32\rasadhlp.dll
0x6e460000 - 0x6e498000 	C:\Windows\System32\fwpuclnt.dll
0x6f090000 - 0x6f0b0000 	C:\Program Files (x86)\XMind\jre\bin\sunec.dll
0x07ac0000 - 0x07cf6000 	D:\Youdao\Dict\8.5.2.0\TextExtractorImpl32.dll
0x71920000 - 0x7195c000 	C:\Windows\system32\OLEACC.dll
0x71960000 - 0x719b1000 	C:\Windows\system32\WINSPOOL.DRV
0x71a70000 - 0x71c02000 	C:\Windows\WinSxS\x86_microsoft.windows.gdiplus_6595b64144ccf1df_1.1.7601.24407_none_5c02a4dba011f6e5\gdiplus.dll
0x719c0000 - 0x719c5000 	C:\Windows\system32\MSIMG32.dll
0x08160000 - 0x081ce000 	C:\Users\Administrator\Application Data\XMind\configuration-kimi_win32-R3.7.0.201611010032\org.eclipse.osgi\876\0\.cp\swt-win32-4623.dll
0x750f0000 - 0x75212000 	C:\Windows\syswow64\CRYPT32.dll
0x76ca0000 - 0x76cac000 	C:\Windows\syswow64\MSASN1.dll
0x716b0000 - 0x716c3000 	C:\Windows\system32\dwmapi.dll
0x6b400000 - 0x6b4f5000 	C:\Windows\system32\propsys.dll
0x76700000 - 0x76783000 	C:\Windows\syswow64\CLBCatQ.DLL
0x066d0000 - 0x066ed000 	C:\Users\Administrator\Application Data\XMind\configuration-kimi_win32-R3.7.0.201611010032\org.eclipse.osgi\876\0\.cp\swt-gdip-win32-4623.dll
0x70330000 - 0x70461000 	C:\Windows\system32\WindowsCodecs.dll
0x59b90000 - 0x59b9f000 	C:\Users\Administrator\Application Data\XMind\configuration-kimi_win32-R3.7.0.201611010032\org.eclipse.osgi\206\0\.cp\jWinHttp-1.0.0.dll
0x73820000 - 0x73878000 	C:\Windows\system32\WINHTTP.dll
0x737d0000 - 0x7381f000 	C:\Windows\system32\webio.dll
0x6c2d0000 - 0x6c415000 	C:\Program Files (x86)\XMind\jre\bin\awt.dll
0x507e0000 - 0x50950000 	C:\Windows\system32\explorerframe.dll
0x6c7d0000 - 0x6c7ff000 	C:\Windows\system32\DUser.dll
0x50950000 - 0x50a02000 	C:\Windows\system32\DUI70.dll
0x77c10000 - 0x77c19000 	C:\Program Files (x86)\XMind\jre\bin\sunmscapi.dll
0x6f030000 - 0x6f03e000 	C:\Windows\system32\RpcRtRemote.dll
0x09080000 - 0x09087000 	C:\Users\Administrator\Application Data\XMind\configuration-kimi_win32-R3.7.0.201611010032\org.eclipse.osgi\756\0\.cp\jnicrypt.dll
0x66020000 - 0x660ac000 	C:\Windows\SysWOW64\uiautomationcore.dll
0x6b180000 - 0x6b1df000 	C:\Windows\system32\SXS.DLL
0x5c5c0000 - 0x5c5ee000 	C:\Windows\system32\mlang.dll
0x6f120000 - 0x6f16c000 	C:\Windows\system32\apphelp.dll
0x56d20000 - 0x57036000 	C:\Windows\system32\QQPINYIN.IME
0x747b0000 - 0x747bd000 	C:\Windows\system32\WTSAPI32.dll
0x74640000 - 0x74651000 	C:\Windows\system32\NETAPI32.dll
0x74630000 - 0x74639000 	C:\Windows\system32\netutils.dll
0x74610000 - 0x74629000 	C:\Windows\system32\srvcli.dll
0x74600000 - 0x7460f000 	C:\Windows\system32\wkscli.dll
0x73a20000 - 0x73a49000 	C:\Windows\system32\WINSTA.dll
0x74480000 - 0x744a1000 	C:\Windows\system32\ntmarta.dll
0x766b0000 - 0x766f5000 	C:\Windows\syswow64\WLDAP32.dll
0x73a10000 - 0x73a18000 	C:\Windows\system32\Secur32.dll
0x6fb10000 - 0x6fb14000 	C:\Windows\system32\api-ms-win-downlevel-advapi32-l2-1-0.dll
0x76d10000 - 0x76ead000 	C:\Windows\syswow64\SETUPAPI.dll
0x76300000 - 0x76327000 	C:\Windows\syswow64\CFGMGR32.dll
0x74dc0000 - 0x74dd2000 	C:\Windows\syswow64\DEVOBJ.dll
0x56580000 - 0x565d8000 	C:\Program Files (x86)\Common Files\microsoft shared\ink\tiptsf.dll
0x0ece0000 - 0x0ecfa000 	C:\Program Files (x86)\Common Files\TortoiseOverlays\TortoiseOverlays.dll
0x56610000 - 0x56627000 	D:\Program Files\TortoiseSVN\bin\TortoiseStub32.dll
0x597b0000 - 0x59b27000 	D:\Program Files\TortoiseSVN\bin\TortoiseSVN32.dll
0x779f0000 - 0x77b97000 	C:\Program Files (x86)\MICROS~1\Office15\GROOVEEX.DLL
0x6e4f0000 - 0x6e516000 	C:\Windows\system32\ATL100.DLL
0x73c00000 - 0x73e46000 	C:\Windows\system32\msi.dll
0x60690000 - 0x60eea000 	C:\Program Files (x86)\MICROS~1\Office15\2052\GrooveIntlResource.dll
0x56630000 - 0x56661000 	C:\Windows\system32\EhStorShell.dll
0x77ee0000 - 0x77f50000 	C:\Windows\system32\ntshrui.dll
0x6b170000 - 0x6b17b000 	C:\Windows\system32\cscapi.dll
0x55bd0000 - 0x55bda000 	C:\Windows\system32\slc.dll
0x57570000 - 0x57604000 	C:\Windows\system32\MsftEdit.dll
0x57310000 - 0x57341000 	C:\Windows\system32\msls31.dll
0x77570000 - 0x7759f000 	C:\Windows\system32\xmllite.dll

VM Arguments:
jvm_args: -Dfile.encoding=UTF-8 -Xms128m -Xmx1024m -XX:MaxPermSize=256m 
java_command: <unknown>
java_class_path (initial): C:\Program Files (x86)\XMind\\plugins/org.eclipse.equinox.launcher_1.3.200.v20160318-1642.jar
Launcher Type: generic

Environment Variables:
JAVA_HOME=C:\Program Files\Java\jdk1.8.0_102
PATH=C:/Program Files (x86)/XMind/jre/bin/client;C:/Program Files (x86)/XMind/jre/bin;C:/Program Files (x86)/XMind/jre/lib/i386;D:\tools\geckodriver.exe;C:\Program Files (x86)\Common Files\Oracle\Java\javapath;C:\hadoop\\bin;C:\scala\bin;C:\Program Files\Java\jdk1.8.0_102\bin;C:\ProgramData\Oracle\Java\javapath;C:\Windows\system32;C:\Windows;C:\Windows\System32\Wbem;C:\Windows\System32\WindowsPowerShell\v1.0\;C:\scala\bin;D:\Program Files\TortoiseSVN\bin;D:\Program Files\apache-maven-3.3.9\bin;D:\Program Files\nodejs\;D:\Program Files\nodejs\node_modules;D:\Program Files\apache-jmeter-4.0\lib\ext\ApacheJMeter_core.jar;D:\Program Files\apache-jmeter-4.0\lib\jorphan.jar;D:\Program Files\apache-jmeter-4.0\lib\logkit-2.0.jar;D:\Programs\Fiddler;C:\Users\Administrator\AppData\Roaming\npm;C:\Program Files (x86)\Cesoft\Excel Server 2013;C:\Program Files (x86)\Windows Kits\8.1\Windows Performance Toolkit\;C:\Program Files\Git\cmd;D:\Programs\Fiddler;C:\Users\Administrator\AppData\Roaming\npm;C:\Program Files (x86)\XMind;
USERNAME=Administrator
OS=Windows_NT
PROCESSOR_IDENTIFIER=Intel64 Family 6 Model 94 Stepping 3, GenuineIntel



---------------  S Y S T E M  ---------------

OS: Windows 7 , 64 bit Build 7601 (6.1.7601.24408)

CPU:total 4 (2 cores per cpu, 2 threads per core) family 6 model 94 stepping 3, cmov, cx8, fxsr, mmx, sse, sse2, sse3, ssse3, sse4.1, sse4.2, popcnt, avx, avx2, aes, clmul, erms, 3dnowpref, lzcnt, ht, tsc, tscinvbit, bmi1, bmi2, adx

Memory: 4k page, physical 16646356k(4436768k free), swap 33290812k(19732384k free)

vm_info: Java HotSpot(TM) Client VM (25.92-b14) for windows-x86 JRE (1.8.0_92-b14), built on Mar 31 2016 21:09:21 by "java_re" with MS VC++ 10.0 (VS2010)

time: Tue May 07 16:06:59 2019
elapsed time: 15463 seconds (0d 4h 17m 43s)

